Thu, 30 Mar 2017 15:48:00 log.py[line:128] INFO Scrapy 1.3.3 started (bot: my_scrapy)
Thu, 30 Mar 2017 15:48:00 log.py[line:131] INFO Overridden settings: {'NEWSPIDER_MODULE': 'my_scrapy.spiders', 'FEED_URI': 'items.json', 'SPIDER_MODULES': ['my_scrapy.spiders'], 'BOT_NAME': 'my_scrapy', 'ROBOTSTXT_OBEY': True, 'FEED_FORMAT': 'json'}
Thu, 30 Mar 2017 15:48:00 middleware.py[line:53] INFO Enabled extensions:
['scrapy.extensions.feedexport.FeedExporter',
 'scrapy.extensions.logstats.LogStats',
 'scrapy.extensions.telnet.TelnetConsole',
 'scrapy.extensions.corestats.CoreStats']
Thu, 30 Mar 2017 15:48:00 middleware.py[line:53] INFO Enabled downloader middlewares:
['scrapy.downloadermiddlewares.robotstxt.RobotsTxtMiddleware',
 'scrapy.downloadermiddlewares.httpauth.HttpAuthMiddleware',
 'scrapy.downloadermiddlewares.downloadtimeout.DownloadTimeoutMiddleware',
 'scrapy.downloadermiddlewares.defaultheaders.DefaultHeadersMiddleware',
 'scrapy.downloadermiddlewares.useragent.UserAgentMiddleware',
 'scrapy.downloadermiddlewares.retry.RetryMiddleware',
 'scrapy.downloadermiddlewares.redirect.MetaRefreshMiddleware',
 'scrapy.downloadermiddlewares.httpcompression.HttpCompressionMiddleware',
 'scrapy.downloadermiddlewares.redirect.RedirectMiddleware',
 'scrapy.downloadermiddlewares.cookies.CookiesMiddleware',
 'scrapy.downloadermiddlewares.stats.DownloaderStats']
Thu, 30 Mar 2017 15:48:00 middleware.py[line:53] INFO Enabled spider middlewares:
['scrapy.spidermiddlewares.httperror.HttpErrorMiddleware',
 'scrapy.spidermiddlewares.offsite.OffsiteMiddleware',
 'scrapy.spidermiddlewares.referer.RefererMiddleware',
 'scrapy.spidermiddlewares.urllength.UrlLengthMiddleware',
 'scrapy.spidermiddlewares.depth.DepthMiddleware']
Thu, 30 Mar 2017 15:48:00 middleware.py[line:53] INFO Enabled item pipelines:
[]
Thu, 30 Mar 2017 15:48:00 engine.py[line:258] INFO Spider opened
Thu, 30 Mar 2017 15:48:00 logstats.py[line:48] INFO Crawled 0 pages (at 0 pages/min), scraped 0 items (at 0 items/min)
Thu, 30 Mar 2017 15:48:00 telnet.py[line:60] DEBUG Telnet console listening on 127.0.0.1:6023
Thu, 30 Mar 2017 15:48:00 engine.py[line:240] DEBUG Crawled (200) <GET https://www.yinxiang.com/robots.txt> (referer: None)
Thu, 30 Mar 2017 15:48:01 engine.py[line:240] DEBUG Crawled (200) <GET https://www.yinxiang.com/> (referer: None)
Thu, 30 Mar 2017 15:48:01 engine.py[line:240] DEBUG Crawled (200) <GET https://www.baidu.com/robots.txt> (referer: None)
Thu, 30 Mar 2017 15:48:01 robotstxt.py[line:47] DEBUG Forbidden by robots.txt: <GET https://www.baidu.com/>
Thu, 30 Mar 2017 15:48:01 engine.py[line:297] INFO Closing spider (finished)
Thu, 30 Mar 2017 15:48:01 statscollectors.py[line:47] INFO Dumping Scrapy stats:
{'downloader/exception_count': 1,
 'downloader/exception_type_count/scrapy.exceptions.IgnoreRequest': 1,
 'downloader/request_bytes': 659,
 'downloader/request_count': 3,
 'downloader/request_method_count/GET': 3,
 'downloader/response_bytes': 6149,
 'downloader/response_count': 3,
 'downloader/response_status_count/200': 3,
 'finish_reason': 'finished',
 'finish_time': datetime.datetime(2017, 3, 30, 7, 48, 1, 665391),
 'log_count/DEBUG': 5,
 'log_count/INFO': 7,
 'request_depth_max': 1,
 'response_received_count': 3,
 'scheduler/dequeued': 2,
 'scheduler/dequeued/memory': 2,
 'scheduler/enqueued': 2,
 'scheduler/enqueued/memory': 2,
 'start_time': datetime.datetime(2017, 3, 30, 7, 48, 0, 548068)}
Thu, 30 Mar 2017 15:48:01 engine.py[line:328] INFO Spider closed (finished)
Thu, 30 Mar 2017 15:56:22 log.py[line:128] INFO Scrapy 1.3.3 started (bot: my_scrapy)
Thu, 30 Mar 2017 15:56:22 log.py[line:131] INFO Overridden settings: {'NEWSPIDER_MODULE': 'my_scrapy.spiders', 'FEED_URI': 'items.json', 'SPIDER_MODULES': ['my_scrapy.spiders'], 'BOT_NAME': 'my_scrapy', 'ROBOTSTXT_OBEY': True, 'FEED_FORMAT': 'json'}
Thu, 30 Mar 2017 15:56:22 middleware.py[line:53] INFO Enabled extensions:
['scrapy.extensions.feedexport.FeedExporter',
 'scrapy.extensions.logstats.LogStats',
 'scrapy.extensions.telnet.TelnetConsole',
 'scrapy.extensions.corestats.CoreStats']
Thu, 30 Mar 2017 15:56:22 middleware.py[line:53] INFO Enabled downloader middlewares:
['scrapy.downloadermiddlewares.robotstxt.RobotsTxtMiddleware',
 'scrapy.downloadermiddlewares.httpauth.HttpAuthMiddleware',
 'scrapy.downloadermiddlewares.downloadtimeout.DownloadTimeoutMiddleware',
 'scrapy.downloadermiddlewares.defaultheaders.DefaultHeadersMiddleware',
 'scrapy.downloadermiddlewares.useragent.UserAgentMiddleware',
 'scrapy.downloadermiddlewares.retry.RetryMiddleware',
 'scrapy.downloadermiddlewares.redirect.MetaRefreshMiddleware',
 'scrapy.downloadermiddlewares.httpcompression.HttpCompressionMiddleware',
 'scrapy.downloadermiddlewares.redirect.RedirectMiddleware',
 'scrapy.downloadermiddlewares.cookies.CookiesMiddleware',
 'scrapy.downloadermiddlewares.stats.DownloaderStats']
Thu, 30 Mar 2017 15:56:22 middleware.py[line:53] INFO Enabled spider middlewares:
['scrapy.spidermiddlewares.httperror.HttpErrorMiddleware',
 'scrapy.spidermiddlewares.offsite.OffsiteMiddleware',
 'scrapy.spidermiddlewares.referer.RefererMiddleware',
 'scrapy.spidermiddlewares.urllength.UrlLengthMiddleware',
 'scrapy.spidermiddlewares.depth.DepthMiddleware']
Thu, 30 Mar 2017 15:56:22 middleware.py[line:53] INFO Enabled item pipelines:
[]
Thu, 30 Mar 2017 15:56:22 engine.py[line:258] INFO Spider opened
Thu, 30 Mar 2017 15:56:22 logstats.py[line:48] INFO Crawled 0 pages (at 0 pages/min), scraped 0 items (at 0 items/min)
Thu, 30 Mar 2017 15:56:22 telnet.py[line:60] DEBUG Telnet console listening on 127.0.0.1:6023
Thu, 30 Mar 2017 15:56:23 engine.py[line:240] DEBUG Crawled (200) <GET https://www.yinxiang.com/robots.txt> (referer: None)
Thu, 30 Mar 2017 15:56:23 engine.py[line:240] DEBUG Crawled (200) <GET https://www.yinxiang.com/> (referer: None)
Thu, 30 Mar 2017 15:56:23 scraper.py[line:158] ERROR Spider error processing <GET https://www.yinxiang.com/> (referer: None)
Traceback (most recent call last):
  File "/Users/tanyin/Desktop/python/scrapyenv/lib/python2.7/site-packages/scrapy/utils/defer.py", line 102, in iter_errback
    yield next(it)
  File "/Users/tanyin/Desktop/python/scrapyenv/lib/python2.7/site-packages/scrapy/spidermiddlewares/offsite.py", line 29, in process_spider_output
    for x in result:
  File "/Users/tanyin/Desktop/python/scrapyenv/lib/python2.7/site-packages/scrapy/spidermiddlewares/referer.py", line 22, in <genexpr>
    return (_set_referer(r) for r in result or ())
  File "/Users/tanyin/Desktop/python/scrapyenv/lib/python2.7/site-packages/scrapy/spidermiddlewares/urllength.py", line 37, in <genexpr>
    return (r for r in result or () if _filter(r))
  File "/Users/tanyin/Desktop/python/scrapyenv/lib/python2.7/site-packages/scrapy/spidermiddlewares/depth.py", line 58, in <genexpr>
    return (r for r in result or () if _filter(r))
  File "/Users/tanyin/Desktop/python/scrapyenv/my_scrapy/my_scrapy/spiders/my_spider.py", line 53, in parse
    DmozItem['content'] = self.get_home_page()
TypeError: 'ItemMeta' object does not support item assignment
Thu, 30 Mar 2017 15:56:23 engine.py[line:297] INFO Closing spider (finished)
Thu, 30 Mar 2017 15:56:23 statscollectors.py[line:47] INFO Dumping Scrapy stats:
{'downloader/request_bytes': 438,
 'downloader/request_count': 2,
 'downloader/request_method_count/GET': 2,
 'downloader/response_bytes': 5237,
 'downloader/response_count': 2,
 'downloader/response_status_count/200': 2,
 'finish_reason': 'finished',
 'finish_time': datetime.datetime(2017, 3, 30, 7, 56, 23, 608744),
 'log_count/DEBUG': 3,
 'log_count/ERROR': 1,
 'log_count/INFO': 7,
 'response_received_count': 2,
 'scheduler/dequeued': 1,
 'scheduler/dequeued/memory': 1,
 'scheduler/enqueued': 1,
 'scheduler/enqueued/memory': 1,
 'spider_exceptions/TypeError': 1,
 'start_time': datetime.datetime(2017, 3, 30, 7, 56, 22, 814537)}
Thu, 30 Mar 2017 15:56:23 engine.py[line:328] INFO Spider closed (finished)
Thu, 30 Mar 2017 15:57:09 log.py[line:128] INFO Scrapy 1.3.3 started (bot: my_scrapy)
Thu, 30 Mar 2017 15:57:09 log.py[line:131] INFO Overridden settings: {'NEWSPIDER_MODULE': 'my_scrapy.spiders', 'FEED_URI': 'items.json', 'SPIDER_MODULES': ['my_scrapy.spiders'], 'BOT_NAME': 'my_scrapy', 'ROBOTSTXT_OBEY': True, 'FEED_FORMAT': 'json'}
Thu, 30 Mar 2017 15:57:09 middleware.py[line:53] INFO Enabled extensions:
['scrapy.extensions.feedexport.FeedExporter',
 'scrapy.extensions.logstats.LogStats',
 'scrapy.extensions.telnet.TelnetConsole',
 'scrapy.extensions.corestats.CoreStats']
Thu, 30 Mar 2017 15:57:09 middleware.py[line:53] INFO Enabled downloader middlewares:
['scrapy.downloadermiddlewares.robotstxt.RobotsTxtMiddleware',
 'scrapy.downloadermiddlewares.httpauth.HttpAuthMiddleware',
 'scrapy.downloadermiddlewares.downloadtimeout.DownloadTimeoutMiddleware',
 'scrapy.downloadermiddlewares.defaultheaders.DefaultHeadersMiddleware',
 'scrapy.downloadermiddlewares.useragent.UserAgentMiddleware',
 'scrapy.downloadermiddlewares.retry.RetryMiddleware',
 'scrapy.downloadermiddlewares.redirect.MetaRefreshMiddleware',
 'scrapy.downloadermiddlewares.httpcompression.HttpCompressionMiddleware',
 'scrapy.downloadermiddlewares.redirect.RedirectMiddleware',
 'scrapy.downloadermiddlewares.cookies.CookiesMiddleware',
 'scrapy.downloadermiddlewares.stats.DownloaderStats']
Thu, 30 Mar 2017 15:57:09 middleware.py[line:53] INFO Enabled spider middlewares:
['scrapy.spidermiddlewares.httperror.HttpErrorMiddleware',
 'scrapy.spidermiddlewares.offsite.OffsiteMiddleware',
 'scrapy.spidermiddlewares.referer.RefererMiddleware',
 'scrapy.spidermiddlewares.urllength.UrlLengthMiddleware',
 'scrapy.spidermiddlewares.depth.DepthMiddleware']
Thu, 30 Mar 2017 15:57:09 middleware.py[line:53] INFO Enabled item pipelines:
[]
Thu, 30 Mar 2017 15:57:09 engine.py[line:258] INFO Spider opened
Thu, 30 Mar 2017 15:57:09 logstats.py[line:48] INFO Crawled 0 pages (at 0 pages/min), scraped 0 items (at 0 items/min)
Thu, 30 Mar 2017 15:57:09 telnet.py[line:60] DEBUG Telnet console listening on 127.0.0.1:6023
Thu, 30 Mar 2017 15:57:10 engine.py[line:240] DEBUG Crawled (200) <GET https://www.yinxiang.com/robots.txt> (referer: None)
Thu, 30 Mar 2017 15:57:10 engine.py[line:240] DEBUG Crawled (200) <GET https://www.yinxiang.com/> (referer: None)
Thu, 30 Mar 2017 15:57:10 scraper.py[line:158] ERROR Spider error processing <GET https://www.yinxiang.com/> (referer: None)
Traceback (most recent call last):
  File "/Users/tanyin/Desktop/python/scrapyenv/lib/python2.7/site-packages/scrapy/utils/defer.py", line 102, in iter_errback
    yield next(it)
  File "/Users/tanyin/Desktop/python/scrapyenv/lib/python2.7/site-packages/scrapy/spidermiddlewares/offsite.py", line 29, in process_spider_output
    for x in result:
  File "/Users/tanyin/Desktop/python/scrapyenv/lib/python2.7/site-packages/scrapy/spidermiddlewares/referer.py", line 22, in <genexpr>
    return (_set_referer(r) for r in result or ())
  File "/Users/tanyin/Desktop/python/scrapyenv/lib/python2.7/site-packages/scrapy/spidermiddlewares/urllength.py", line 37, in <genexpr>
    return (r for r in result or () if _filter(r))
  File "/Users/tanyin/Desktop/python/scrapyenv/lib/python2.7/site-packages/scrapy/spidermiddlewares/depth.py", line 58, in <genexpr>
    return (r for r in result or () if _filter(r))
  File "/Users/tanyin/Desktop/python/scrapyenv/my_scrapy/my_scrapy/spiders/my_spider.py", line 53, in parse
    DmozItem['content'] = self.get_home_page()
TypeError: 'ItemMeta' object does not support item assignment
Thu, 30 Mar 2017 15:57:10 engine.py[line:297] INFO Closing spider (finished)
Thu, 30 Mar 2017 15:57:10 statscollectors.py[line:47] INFO Dumping Scrapy stats:
{'downloader/request_bytes': 438,
 'downloader/request_count': 2,
 'downloader/request_method_count/GET': 2,
 'downloader/response_bytes': 5346,
 'downloader/response_count': 2,
 'downloader/response_status_count/200': 2,
 'finish_reason': 'finished',
 'finish_time': datetime.datetime(2017, 3, 30, 7, 57, 10, 621481),
 'log_count/DEBUG': 3,
 'log_count/ERROR': 1,
 'log_count/INFO': 7,
 'response_received_count': 2,
 'scheduler/dequeued': 1,
 'scheduler/dequeued/memory': 1,
 'scheduler/enqueued': 1,
 'scheduler/enqueued/memory': 1,
 'spider_exceptions/TypeError': 1,
 'start_time': datetime.datetime(2017, 3, 30, 7, 57, 9, 834677)}
Thu, 30 Mar 2017 15:57:10 engine.py[line:328] INFO Spider closed (finished)
Thu, 30 Mar 2017 16:37:20 log.py[line:128] INFO Scrapy 1.3.3 started (bot: my_scrapy)
Thu, 30 Mar 2017 16:37:20 log.py[line:131] INFO Overridden settings: {'NEWSPIDER_MODULE': 'my_scrapy.spiders', 'FEED_URI': 'items.json', 'SPIDER_MODULES': ['my_scrapy.spiders'], 'BOT_NAME': 'my_scrapy', 'ROBOTSTXT_OBEY': True, 'FEED_FORMAT': 'json'}
Thu, 30 Mar 2017 16:37:20 middleware.py[line:53] INFO Enabled extensions:
['scrapy.extensions.feedexport.FeedExporter',
 'scrapy.extensions.logstats.LogStats',
 'scrapy.extensions.telnet.TelnetConsole',
 'scrapy.extensions.corestats.CoreStats']
Thu, 30 Mar 2017 16:37:20 middleware.py[line:53] INFO Enabled downloader middlewares:
['scrapy.downloadermiddlewares.robotstxt.RobotsTxtMiddleware',
 'scrapy.downloadermiddlewares.httpauth.HttpAuthMiddleware',
 'scrapy.downloadermiddlewares.downloadtimeout.DownloadTimeoutMiddleware',
 'scrapy.downloadermiddlewares.defaultheaders.DefaultHeadersMiddleware',
 'scrapy.downloadermiddlewares.useragent.UserAgentMiddleware',
 'scrapy.downloadermiddlewares.retry.RetryMiddleware',
 'scrapy.downloadermiddlewares.redirect.MetaRefreshMiddleware',
 'scrapy.downloadermiddlewares.httpcompression.HttpCompressionMiddleware',
 'scrapy.downloadermiddlewares.redirect.RedirectMiddleware',
 'scrapy.downloadermiddlewares.cookies.CookiesMiddleware',
 'scrapy.downloadermiddlewares.stats.DownloaderStats']
Thu, 30 Mar 2017 16:37:20 middleware.py[line:53] INFO Enabled spider middlewares:
['scrapy.spidermiddlewares.httperror.HttpErrorMiddleware',
 'scrapy.spidermiddlewares.offsite.OffsiteMiddleware',
 'scrapy.spidermiddlewares.referer.RefererMiddleware',
 'scrapy.spidermiddlewares.urllength.UrlLengthMiddleware',
 'scrapy.spidermiddlewares.depth.DepthMiddleware']
Thu, 30 Mar 2017 16:37:20 middleware.py[line:53] INFO Enabled item pipelines:
[]
Thu, 30 Mar 2017 16:37:20 engine.py[line:258] INFO Spider opened
Thu, 30 Mar 2017 16:37:20 logstats.py[line:48] INFO Crawled 0 pages (at 0 pages/min), scraped 0 items (at 0 items/min)
Thu, 30 Mar 2017 16:37:20 telnet.py[line:60] DEBUG Telnet console listening on 127.0.0.1:6023
Thu, 30 Mar 2017 16:37:21 engine.py[line:240] DEBUG Crawled (200) <GET https://www.yinxiang.com/robots.txt> (referer: None)
Thu, 30 Mar 2017 16:37:21 engine.py[line:240] DEBUG Crawled (200) <GET https://www.yinxiang.com/> (referer: None)
Thu, 30 Mar 2017 16:37:21 scraper.py[line:158] ERROR Spider error processing <GET https://www.yinxiang.com/> (referer: None)
Traceback (most recent call last):
  File "/Users/tanyin/Desktop/python/scrapyenv/lib/python2.7/site-packages/scrapy/utils/defer.py", line 102, in iter_errback
    yield next(it)
  File "/Users/tanyin/Desktop/python/scrapyenv/lib/python2.7/site-packages/scrapy/spidermiddlewares/offsite.py", line 29, in process_spider_output
    for x in result:
  File "/Users/tanyin/Desktop/python/scrapyenv/lib/python2.7/site-packages/scrapy/spidermiddlewares/referer.py", line 22, in <genexpr>
    return (_set_referer(r) for r in result or ())
  File "/Users/tanyin/Desktop/python/scrapyenv/lib/python2.7/site-packages/scrapy/spidermiddlewares/urllength.py", line 37, in <genexpr>
    return (r for r in result or () if _filter(r))
  File "/Users/tanyin/Desktop/python/scrapyenv/lib/python2.7/site-packages/scrapy/spidermiddlewares/depth.py", line 58, in <genexpr>
    return (r for r in result or () if _filter(r))
  File "/Users/tanyin/Desktop/python/scrapyenv/my_scrapy/my_scrapy/spiders/my_spider.py", line 53, in parse
    DmozItem['content'] = self.get_home_page().body
TypeError: 'ItemMeta' object does not support item assignment
Thu, 30 Mar 2017 16:37:21 engine.py[line:297] INFO Closing spider (finished)
Thu, 30 Mar 2017 16:37:21 statscollectors.py[line:47] INFO Dumping Scrapy stats:
{'downloader/request_bytes': 438,
 'downloader/request_count': 2,
 'downloader/request_method_count/GET': 2,
 'downloader/response_bytes': 5237,
 'downloader/response_count': 2,
 'downloader/response_status_count/200': 2,
 'finish_reason': 'finished',
 'finish_time': datetime.datetime(2017, 3, 30, 8, 37, 21, 308021),
 'log_count/DEBUG': 3,
 'log_count/ERROR': 1,
 'log_count/INFO': 7,
 'response_received_count': 2,
 'scheduler/dequeued': 1,
 'scheduler/dequeued/memory': 1,
 'scheduler/enqueued': 1,
 'scheduler/enqueued/memory': 1,
 'spider_exceptions/TypeError': 1,
 'start_time': datetime.datetime(2017, 3, 30, 8, 37, 20, 756355)}
Thu, 30 Mar 2017 16:37:21 engine.py[line:328] INFO Spider closed (finished)
