Wed, 12 Apr 2017 11:25:19 log.py[line:128] INFO Scrapy 1.3.3 started (bot: my_scrapy)
Wed, 12 Apr 2017 11:25:19 log.py[line:131] INFO Overridden settings: {'NEWSPIDER_MODULE': 'my_scrapy.spiders', 'SPIDER_MODULES': ['my_scrapy.spiders'], 'ROBOTSTXT_OBEY': True, 'BOT_NAME': 'my_scrapy'}
Wed, 12 Apr 2017 11:25:59 log.py[line:128] INFO Scrapy 1.3.3 started (bot: my_scrapy)
Wed, 12 Apr 2017 11:25:59 log.py[line:131] INFO Overridden settings: {'NEWSPIDER_MODULE': 'my_scrapy.spiders', 'SPIDER_MODULES': ['my_scrapy.spiders'], 'ROBOTSTXT_OBEY': True, 'BOT_NAME': 'my_scrapy'}
Wed, 12 Apr 2017 11:25:59 middleware.py[line:53] INFO Enabled extensions:
['scrapy.extensions.logstats.LogStats',
 'scrapy.extensions.telnet.TelnetConsole',
 'scrapy.extensions.corestats.CoreStats']
Wed, 12 Apr 2017 11:25:59 middleware.py[line:53] INFO Enabled downloader middlewares:
['scrapy.downloadermiddlewares.robotstxt.RobotsTxtMiddleware',
 'scrapy.downloadermiddlewares.httpauth.HttpAuthMiddleware',
 'scrapy.downloadermiddlewares.downloadtimeout.DownloadTimeoutMiddleware',
 'scrapy.downloadermiddlewares.defaultheaders.DefaultHeadersMiddleware',
 'scrapy.downloadermiddlewares.useragent.UserAgentMiddleware',
 'scrapy.downloadermiddlewares.retry.RetryMiddleware',
 'scrapy.downloadermiddlewares.redirect.MetaRefreshMiddleware',
 'scrapy.downloadermiddlewares.httpcompression.HttpCompressionMiddleware',
 'scrapy.downloadermiddlewares.redirect.RedirectMiddleware',
 'scrapy.downloadermiddlewares.cookies.CookiesMiddleware',
 'scrapy.downloadermiddlewares.stats.DownloaderStats']
Wed, 12 Apr 2017 11:25:59 middleware.py[line:53] INFO Enabled spider middlewares:
['scrapy.spidermiddlewares.httperror.HttpErrorMiddleware',
 'scrapy.spidermiddlewares.offsite.OffsiteMiddleware',
 'scrapy.spidermiddlewares.referer.RefererMiddleware',
 'scrapy.spidermiddlewares.urllength.UrlLengthMiddleware',
 'scrapy.spidermiddlewares.depth.DepthMiddleware']
Wed, 12 Apr 2017 11:25:59 middleware.py[line:53] INFO Enabled item pipelines:
[]
Wed, 12 Apr 2017 11:25:59 engine.py[line:258] INFO Spider opened
Wed, 12 Apr 2017 11:25:59 logstats.py[line:48] INFO Crawled 0 pages (at 0 pages/min), scraped 0 items (at 0 items/min)
Wed, 12 Apr 2017 11:25:59 telnet.py[line:60] DEBUG Telnet console listening on 127.0.0.1:6023
Wed, 12 Apr 2017 11:25:59 engine.py[line:240] DEBUG Crawled (200) <GET https://www.yinxiang.com/robots.txt> (referer: None)
Wed, 12 Apr 2017 11:25:59 engine.py[line:240] DEBUG Crawled (200) <GET https://www.yinxiang.com/> (referer: None)
Wed, 12 Apr 2017 11:25:59 scraper.py[line:158] ERROR Spider error processing <GET https://www.yinxiang.com/> (referer: None)
Traceback (most recent call last):
  File "/Users/tanyin/Desktop/python/scrapyenv/lib/python2.7/site-packages/scrapy/utils/defer.py", line 102, in iter_errback
    yield next(it)
  File "/Users/tanyin/Desktop/python/scrapyenv/lib/python2.7/site-packages/scrapy/spidermiddlewares/offsite.py", line 29, in process_spider_output
    for x in result:
  File "/Users/tanyin/Desktop/python/scrapyenv/lib/python2.7/site-packages/scrapy/spidermiddlewares/referer.py", line 22, in <genexpr>
    return (_set_referer(r) for r in result or ())
  File "/Users/tanyin/Desktop/python/scrapyenv/lib/python2.7/site-packages/scrapy/spidermiddlewares/urllength.py", line 37, in <genexpr>
    return (r for r in result or () if _filter(r))
  File "/Users/tanyin/Desktop/python/scrapyenv/lib/python2.7/site-packages/scrapy/spidermiddlewares/depth.py", line 58, in <genexpr>
    return (r for r in result or () if _filter(r))
  File "/Users/tanyin/Desktop/python/scrapyenv/my_scrapy/my_scrapy/spiders/my_spider.py", line 53, in parse
    DmozItem['content'] = self.get_home_page().body
TypeError: 'ItemMeta' object does not support item assignment
Wed, 12 Apr 2017 11:25:59 engine.py[line:297] INFO Closing spider (finished)
Wed, 12 Apr 2017 11:25:59 statscollectors.py[line:47] INFO Dumping Scrapy stats:
{'downloader/request_bytes': 438,
 'downloader/request_count': 2,
 'downloader/request_method_count/GET': 2,
 'downloader/response_bytes': 5237,
 'downloader/response_count': 2,
 'downloader/response_status_count/200': 2,
 'finish_reason': 'finished',
 'finish_time': datetime.datetime(2017, 4, 12, 3, 25, 59, 729896),
 'log_count/DEBUG': 3,
 'log_count/ERROR': 1,
 'log_count/INFO': 7,
 'response_received_count': 2,
 'scheduler/dequeued': 1,
 'scheduler/dequeued/memory': 1,
 'scheduler/enqueued': 1,
 'scheduler/enqueued/memory': 1,
 'spider_exceptions/TypeError': 1,
 'start_time': datetime.datetime(2017, 4, 12, 3, 25, 59, 116229)}
Wed, 12 Apr 2017 11:25:59 engine.py[line:328] INFO Spider closed (finished)
Wed, 12 Apr 2017 17:08:45 log.py[line:128] INFO Scrapy 1.3.3 started (bot: my_scrapy)
Wed, 12 Apr 2017 17:08:45 log.py[line:131] INFO Overridden settings: {'NEWSPIDER_MODULE': 'my_scrapy.spiders', 'SPIDER_MODULES': ['my_scrapy.spiders'], 'ROBOTSTXT_OBEY': True, 'BOT_NAME': 'my_scrapy'}
Wed, 12 Apr 2017 17:08:45 middleware.py[line:53] INFO Enabled extensions:
['scrapy.extensions.logstats.LogStats',
 'scrapy.extensions.telnet.TelnetConsole',
 'scrapy.extensions.corestats.CoreStats']
Wed, 12 Apr 2017 17:08:45 middleware.py[line:53] INFO Enabled downloader middlewares:
['scrapy.downloadermiddlewares.robotstxt.RobotsTxtMiddleware',
 'scrapy.downloadermiddlewares.httpauth.HttpAuthMiddleware',
 'scrapy.downloadermiddlewares.downloadtimeout.DownloadTimeoutMiddleware',
 'scrapy.downloadermiddlewares.defaultheaders.DefaultHeadersMiddleware',
 'scrapy.downloadermiddlewares.useragent.UserAgentMiddleware',
 'scrapy.downloadermiddlewares.retry.RetryMiddleware',
 'scrapy.downloadermiddlewares.redirect.MetaRefreshMiddleware',
 'scrapy.downloadermiddlewares.httpcompression.HttpCompressionMiddleware',
 'scrapy.downloadermiddlewares.redirect.RedirectMiddleware',
 'scrapy.downloadermiddlewares.cookies.CookiesMiddleware',
 'scrapy.downloadermiddlewares.stats.DownloaderStats']
Wed, 12 Apr 2017 17:08:45 middleware.py[line:53] INFO Enabled spider middlewares:
['scrapy.spidermiddlewares.httperror.HttpErrorMiddleware',
 'scrapy.spidermiddlewares.offsite.OffsiteMiddleware',
 'scrapy.spidermiddlewares.referer.RefererMiddleware',
 'scrapy.spidermiddlewares.urllength.UrlLengthMiddleware',
 'scrapy.spidermiddlewares.depth.DepthMiddleware']
Wed, 12 Apr 2017 17:08:45 middleware.py[line:53] INFO Enabled item pipelines:
[]
Wed, 12 Apr 2017 17:08:45 engine.py[line:258] INFO Spider opened
Wed, 12 Apr 2017 17:08:45 logstats.py[line:48] INFO Crawled 0 pages (at 0 pages/min), scraped 0 items (at 0 items/min)
Wed, 12 Apr 2017 17:08:45 telnet.py[line:60] DEBUG Telnet console listening on 127.0.0.1:6023
Wed, 12 Apr 2017 17:08:46 engine.py[line:240] DEBUG Crawled (200) <GET https://www.yinxiang.com/robots.txt> (referer: None)
Wed, 12 Apr 2017 17:08:46 engine.py[line:240] DEBUG Crawled (200) <GET https://www.yinxiang.com/> (referer: None)
Wed, 12 Apr 2017 17:08:46 scraper.py[line:158] ERROR Spider error processing <GET https://www.yinxiang.com/> (referer: None)
Traceback (most recent call last):
  File "/Users/tanyin/Desktop/python/scrapyenv/lib/python2.7/site-packages/scrapy/utils/defer.py", line 102, in iter_errback
    yield next(it)
  File "/Users/tanyin/Desktop/python/scrapyenv/lib/python2.7/site-packages/scrapy/spidermiddlewares/offsite.py", line 29, in process_spider_output
    for x in result:
  File "/Users/tanyin/Desktop/python/scrapyenv/lib/python2.7/site-packages/scrapy/spidermiddlewares/referer.py", line 22, in <genexpr>
    return (_set_referer(r) for r in result or ())
  File "/Users/tanyin/Desktop/python/scrapyenv/lib/python2.7/site-packages/scrapy/spidermiddlewares/urllength.py", line 37, in <genexpr>
    return (r for r in result or () if _filter(r))
  File "/Users/tanyin/Desktop/python/scrapyenv/lib/python2.7/site-packages/scrapy/spidermiddlewares/depth.py", line 58, in <genexpr>
    return (r for r in result or () if _filter(r))
  File "/Users/tanyin/Desktop/python/scrapyenv/my_scrapy/my_scrapy/spiders/my_spider.py", line 53, in parse
    DmozItem['content'] = self.get_home_page().body
TypeError: 'ItemMeta' object does not support item assignment
Wed, 12 Apr 2017 17:08:46 engine.py[line:297] INFO Closing spider (finished)
Wed, 12 Apr 2017 17:08:46 statscollectors.py[line:47] INFO Dumping Scrapy stats:
{'downloader/request_bytes': 438,
 'downloader/request_count': 2,
 'downloader/request_method_count/GET': 2,
 'downloader/response_bytes': 5346,
 'downloader/response_count': 2,
 'downloader/response_status_count/200': 2,
 'finish_reason': 'finished',
 'finish_time': datetime.datetime(2017, 4, 12, 9, 8, 46, 205019),
 'log_count/DEBUG': 3,
 'log_count/ERROR': 1,
 'log_count/INFO': 7,
 'response_received_count': 2,
 'scheduler/dequeued': 1,
 'scheduler/dequeued/memory': 1,
 'scheduler/enqueued': 1,
 'scheduler/enqueued/memory': 1,
 'spider_exceptions/TypeError': 1,
 'start_time': datetime.datetime(2017, 4, 12, 9, 8, 45, 650026)}
Wed, 12 Apr 2017 17:08:46 engine.py[line:328] INFO Spider closed (finished)
